#
# There is insufficient memory for the Java Runtime Environment to continue.
# Native memory allocation (malloc) failed to allocate 32744 bytes for ChunkPool::allocate
# Possible reasons:
#   The system is out of physical RAM or swap space
#   The process is running with CompressedOops enabled, and the Java Heap may be blocking the growth of the native heap
# Possible solutions:
#   Reduce memory load on the system
#   Increase physical memory or swap space
#   Check if swap backing store is full
#   Decrease Java heap size (-Xmx/-Xms)
#   Decrease number of Java threads
#   Decrease Java thread stack sizes (-Xss)
#   Set larger code cache with -XX:ReservedCodeCacheSize=
#   JVM is running with Zero Based Compressed Oops mode in which the Java heap is
#     placed in the first 32GB address space. The Java Heap base address is the
#     maximum limit for the native heap growth. Please use -XX:HeapBaseMinAddress
#     to set the Java Heap base and to place the Java Heap above 32GB virtual address.
# This output file may be truncated or incomplete.
#
#  Out of Memory Error (arena.cpp:78), pid=47768, tid=33600
#
# JRE version: OpenJDK Runtime Environment Temurin-17.0.7+7 (17.0.7+7) (build 17.0.7+7)
# Java VM: OpenJDK 64-Bit Server VM Temurin-17.0.7+7 (17.0.7+7, mixed mode, tiered, compressed oops, compressed class ptrs, g1 gc, windows-amd64)
# No core dump will be written. Minidumps are not enabled by default on client versions of Windows
#

---------------  S U M M A R Y ------------

Command Line: -Dfile.encoding=UTF-8 --module-path=C:\Users\priyanka.rd\eclipse-workspace\MP\bin -XX:+ShowCodeDetailsInExceptionMessages -Djdk.module.main=MP MP/gymmanagement.Main1

Host: 11th Gen Intel(R) Core(TM) i7-1185G7 @ 3.00GHz, 8 cores, 15G,  Windows 11 , 64 bit Build 22621 (10.0.22621.2070)
Time: Fri Aug 25 09:03:47 2023 India Standard Time elapsed time: 60215.589803 seconds (0d 16h 43m 35s)

---------------  T H R E A D  ---------------

Current thread (0x0000011d84ada5e0):  JavaThread "C2 CompilerThread0" daemon [_thread_in_native, id=33600, stack(0x0000000101600000,0x0000000101700000)]


Current CompileTask:
C2:60215589  849       4       java.util.HashMap::resize (356 bytes)

Stack: [0x0000000101600000,0x0000000101700000]
Native frames: (J=compiled Java code, j=interpreted, Vv=VM code, C=native code)
V  [jvm.dll+0x67754a]
V  [jvm.dll+0x834304]
V  [jvm.dll+0x835aae]
V  [jvm.dll+0x836113]
V  [jvm.dll+0x24696f]
V  [jvm.dll+0xac2cc]
V  [jvm.dll+0xac67c]
V  [jvm.dll+0x603130]
V  [jvm.dll+0x6032c6]
V  [jvm.dll+0x6032c6]
V  [jvm.dll+0x608fb7]
V  [jvm.dll+0x609e32]
V  [jvm.dll+0x608394]
V  [jvm.dll+0x2194b8]
V  [jvm.dll+0x218a61]
V  [jvm.dll+0x1a4d8d]
V  [jvm.dll+0x2284da]
V  [jvm.dll+0x226615]
V  [jvm.dll+0x7ea90b]
V  [jvm.dll+0x7e4e7a]
V  [jvm.dll+0x676395]
C  [ucrtbase.dll+0x29363]
C  [KERNEL32.DLL+0x126ad]
C  [ntdll.dll+0x5aa68]


---------------  P R O C E S S  ---------------

Threads class SMR info:
_java_thread_list=0x0000011daa2f9140, length=16, elements={
0x0000011d99bbe9b0, 0x0000011da5ad9c30, 0x0000011da5b13280, 0x0000011da5b13d40,
0x0000011da5b148f0, 0x0000011da5b192c0, 0x0000011d84ada5e0, 0x0000011d84adaaf0,
0x0000011da5b1fca0, 0x0000011da5c21c20, 0x0000011da5dcdfb0, 0x0000011daa1db950,
0x0000011daa1dbe20, 0x0000011daa22c070, 0x0000011daa28fe50, 0x0000011da5cf6a20
}

Java Threads: ( => current thread )
  0x0000011d99bbe9b0 JavaThread "Reference Handler" daemon [_thread_blocked, id=6180, stack(0x0000000101000000,0x0000000101100000)]
  0x0000011da5ad9c30 JavaThread "Finalizer" daemon [_thread_blocked, id=43656, stack(0x0000000101100000,0x0000000101200000)]
  0x0000011da5b13280 JavaThread "Signal Dispatcher" daemon [_thread_blocked, id=44228, stack(0x0000000101200000,0x0000000101300000)]
  0x0000011da5b13d40 JavaThread "Attach Listener" daemon [_thread_blocked, id=38984, stack(0x0000000101300000,0x0000000101400000)]
  0x0000011da5b148f0 JavaThread "Service Thread" daemon [_thread_blocked, id=19516, stack(0x0000000101400000,0x0000000101500000)]
  0x0000011da5b192c0 JavaThread "Monitor Deflation Thread" daemon [_thread_blocked, id=44988, stack(0x0000000101500000,0x0000000101600000)]
=>0x0000011d84ada5e0 JavaThread "C2 CompilerThread0" daemon [_thread_in_native, id=33600, stack(0x0000000101600000,0x0000000101700000)]
  0x0000011d84adaaf0 JavaThread "C1 CompilerThread0" daemon [_thread_blocked, id=28484, stack(0x0000000101700000,0x0000000101800000)]
  0x0000011da5b1fca0 JavaThread "Sweeper thread" daemon [_thread_blocked, id=33608, stack(0x0000000101800000,0x0000000101900000)]
  0x0000011da5c21c20 JavaThread "Common-Cleaner" daemon [_thread_blocked, id=45224, stack(0x0000000101900000,0x0000000101a00000)]
  0x0000011da5dcdfb0 JavaThread "Notification Thread" daemon [_thread_blocked, id=31456, stack(0x0000000101a00000,0x0000000101b00000)]
  0x0000011daa1db950 JavaThread "Java2D Disposer" daemon [_thread_blocked, id=12252, stack(0x0000000101c00000,0x0000000101d00000)]
  0x0000011daa1dbe20 JavaThread "AWT-Shutdown" [_thread_blocked, id=14684, stack(0x0000000101d00000,0x0000000101e00000)]
  0x0000011daa22c070 JavaThread "AWT-Windows" daemon [_thread_in_native, id=35600, stack(0x0000000101e00000,0x0000000101f00000)]
  0x0000011daa28fe50 JavaThread "AWT-EventQueue-0" [_thread_blocked, id=40440, stack(0x0000000101f00000,0x0000000102000000)]
  0x0000011da5cf6a20 JavaThread "DestroyJavaVM" [_thread_blocked, id=46552, stack(0x0000000100900000,0x0000000100a00000)]

Other Threads:
  0x0000011d99bbe2a0 VMThread "VM Thread" [stack: 0x0000000100f00000,0x0000000101000000] [id=42996]
  0x0000011d84ad6f30 WatcherThread [stack: 0x0000000101b00000,0x0000000101c00000] [id=16560]
  0x0000011d8708c6a0 GCTaskThread "GC Thread#0" [stack: 0x0000000100a00000,0x0000000100b00000] [id=49040]
  0x0000011d99a10bc0 ConcurrentGCThread "G1 Main Marker" [stack: 0x0000000100b00000,0x0000000100c00000] [id=29844]
  0x0000011d8708e4b0 ConcurrentGCThread "G1 Conc#0" [stack: 0x0000000100c00000,0x0000000100d00000] [id=37676]
  0x0000011d99b14d80 ConcurrentGCThread "G1 Refine#0" [stack: 0x0000000100d00000,0x0000000100e00000] [id=36724]
  0x0000011d99b15640 ConcurrentGCThread "G1 Service" [stack: 0x0000000100e00000,0x0000000100f00000] [id=48420]

Threads with active compile tasks:
C2 CompilerThread0  60215639  849       4       java.util.HashMap::resize (356 bytes)

VM state: not at safepoint (normal execution)

VM Mutex/Monitor currently owned by a thread: None

Heap address: 0x0000000704400000, size: 4028 MB, Compressed Oops mode: Zero based, Oop shift amount: 3

CDS archive(s) not mapped
Compressed class space mapped at: 0x0000000800000000-0x0000000840000000, reserved size: 1073741824
Narrow klass base: 0x0000000800000000, Narrow klass shift: 0, Narrow klass range: 0x40000000

GC Precious Log:
 CPUs: 8 total, 8 available
 Memory: 16106M
 Large Page Support: Disabled
 NUMA Support: Disabled
 Compressed Oops: Enabled (Zero based)
 Heap Region Size: 2M
 Heap Min Capacity: 8M
 Heap Initial Capacity: 252M
 Heap Max Capacity: 4028M
 Pre-touch: Disabled
 Parallel Workers: 8
 Concurrent Workers: 2
 Concurrent Refinement Workers: 8
 Periodic GC: Disabled

Heap:
 garbage-first heap   total 258048K, used 10240K [0x0000000704400000, 0x0000000800000000)
  region size 2048K, 4 young (8192K), 0 survivors (0K)
 Metaspace       used 13692K, committed 13888K, reserved 1114112K
  class space    used 1363K, committed 1472K, reserved 1048576K

Heap Regions: E=young(eden), S=young(survivor), O=old, HS=humongous(starts), HC=humongous(continues), CS=collection set, F=free, OA=open archive, CA=closed archive, TAMS=top-at-mark-start (previous, next)
|   0|0x0000000704400000, 0x0000000704600000, 0x0000000704600000|100%|HS|  |TAMS 0x0000000704400000, 0x0000000704400000| Complete 
|   1|0x0000000704600000, 0x0000000704800000, 0x0000000704800000|100%|HC|  |TAMS 0x0000000704600000, 0x0000000704600000| Complete 
|   2|0x0000000704800000, 0x0000000704800000, 0x0000000704a00000|  0%| F|  |TAMS 0x0000000704800000, 0x0000000704800000| Untracked 
|   3|0x0000000704a00000, 0x0000000704a00000, 0x0000000704c00000|  0%| F|  |TAMS 0x0000000704a00000, 0x0000000704a00000| Untracked 
|   4|0x0000000704c00000, 0x0000000704c00000, 0x0000000704e00000|  0%| F|  |TAMS 0x0000000704c00000, 0x0000000704c00000| Untracked 
|   5|0x0000000704e00000, 0x0000000704e00000, 0x0000000705000000|  0%| F|  |TAMS 0x0000000704e00000, 0x0000000704e00000| Untracked 
|   6|0x0000000705000000, 0x0000000705000000, 0x0000000705200000|  0%| F|  |TAMS 0x0000000705000000, 0x0000000705000000| Untracked 
|   7|0x0000000705200000, 0x0000000705200000, 0x0000000705400000|  0%| F|  |TAMS 0x0000000705200000, 0x0000000705200000| Untracked 
|   8|0x0000000705400000, 0x0000000705400000, 0x0000000705600000|  0%| F|  |TAMS 0x0000000705400000, 0x0000000705400000| Untracked 
|   9|0x0000000705600000, 0x0000000705600000, 0x0000000705800000|  0%| F|  |TAMS 0x0000000705600000, 0x0000000705600000| Untracked 
|  10|0x0000000705800000, 0x0000000705800000, 0x0000000705a00000|  0%| F|  |TAMS 0x0000000705800000, 0x0000000705800000| Untracked 
|  11|0x0000000705a00000, 0x0000000705a00000, 0x0000000705c00000|  0%| F|  |TAMS 0x0000000705a00000, 0x0000000705a00000| Untracked 
|  12|0x0000000705c00000, 0x0000000705c00000, 0x0000000705e00000|  0%| F|  |TAMS 0x0000000705c00000, 0x0000000705c00000| Untracked 
|  13|0x0000000705e00000, 0x0000000705e00000, 0x0000000706000000|  0%| F|  |TAMS 0x0000000705e00000, 0x0000000705e00000| Untracked 
|  14|0x0000000706000000, 0x0000000706000000, 0x0000000706200000|  0%| F|  |TAMS 0x0000000706000000, 0x0000000706000000| Untracked 
|  15|0x0000000706200000, 0x0000000706200000, 0x0000000706400000|  0%| F|  |TAMS 0x0000000706200000, 0x0000000706200000| Untracked 
|  16|0x0000000706400000, 0x0000000706400000, 0x0000000706600000|  0%| F|  |TAMS 0x0000000706400000, 0x0000000706400000| Untracked 
|  17|0x0000000706600000, 0x0000000706600000, 0x0000000706800000|  0%| F|  |TAMS 0x0000000706600000, 0x0000000706600000| Untracked 
|  18|0x0000000706800000, 0x0000000706800000, 0x0000000706a00000|  0%| F|  |TAMS 0x0000000706800000, 0x0000000706800000| Untracked 
|  19|0x0000000706a00000, 0x0000000706a00000, 0x0000000706c00000|  0%| F|  |TAMS 0x0000000706a00000, 0x0000000706a00000| Untracked 
|  20|0x0000000706c00000, 0x0000000706c00000, 0x0000000706e00000|  0%| F|  |TAMS 0x0000000706c00000, 0x0000000706c00000| Untracked 
|  21|0x0000000706e00000, 0x0000000706e00000, 0x0000000707000000|  0%| F|  |TAMS 0x0000000706e00000, 0x0000000706e00000| Untracked 
|  22|0x0000000707000000, 0x0000000707000000, 0x0000000707200000|  0%| F|  |TAMS 0x0000000707000000, 0x0000000707000000| Untracked 
|  23|0x0000000707200000, 0x0000000707200000, 0x0000000707400000|  0%| F|  |TAMS 0x0000000707200000, 0x0000000707200000| Untracked 
|  24|0x0000000707400000, 0x0000000707400000, 0x0000000707600000|  0%| F|  |TAMS 0x0000000707400000, 0x0000000707400000| Untracked 
|  25|0x0000000707600000, 0x0000000707600000, 0x0000000707800000|  0%| F|  |TAMS 0x0000000707600000, 0x0000000707600000| Untracked 
|  26|0x0000000707800000, 0x0000000707800000, 0x0000000707a00000|  0%| F|  |TAMS 0x0000000707800000, 0x0000000707800000| Untracked 
|  27|0x0000000707a00000, 0x0000000707a00000, 0x0000000707c00000|  0%| F|  |TAMS 0x0000000707a00000, 0x0000000707a00000| Untracked 
|  28|0x0000000707c00000, 0x0000000707c00000, 0x0000000707e00000|  0%| F|  |TAMS 0x0000000707c00000, 0x0000000707c00000| Untracked 
|  29|0x0000000707e00000, 0x0000000707e00000, 0x0000000708000000|  0%| F|  |TAMS 0x0000000707e00000, 0x0000000707e00000| Untracked 
|  30|0x0000000708000000, 0x0000000708000000, 0x0000000708200000|  0%| F|  |TAMS 0x0000000708000000, 0x0000000708000000| Untracked 
|  31|0x0000000708200000, 0x0000000708200000, 0x0000000708400000|  0%| F|  |TAMS 0x0000000708200000, 0x0000000708200000| Untracked 
|  32|0x0000000708400000, 0x0000000708400000, 0x0000000708600000|  0%| F|  |TAMS 0x0000000708400000, 0x0000000708400000| Untracked 
|  33|0x0000000708600000, 0x0000000708600000, 0x0000000708800000|  0%| F|  |TAMS 0x0000000708600000, 0x0000000708600000| Untracked 
|  34|0x0000000708800000, 0x0000000708800000, 0x0000000708a00000|  0%| F|  |TAMS 0x0000000708800000, 0x0000000708800000| Untracked 
|  35|0x0000000708a00000, 0x0000000708a00000, 0x0000000708c00000|  0%| F|  |TAMS 0x0000000708a00000, 0x0000000708a00000| Untracked 
|  36|0x0000000708c00000, 0x0000000708c00000, 0x0000000708e00000|  0%| F|  |TAMS 0x0000000708c00000, 0x0000000708c00000| Untracked 
|  37|0x0000000708e00000, 0x0000000708e00000, 0x0000000709000000|  0%| F|  |TAMS 0x0000000708e00000, 0x0000000708e00000| Untracked 
|  38|0x0000000709000000, 0x0000000709000000, 0x0000000709200000|  0%| F|  |TAMS 0x0000000709000000, 0x0000000709000000| Untracked 
|  39|0x0000000709200000, 0x0000000709200000, 0x0000000709400000|  0%| F|  |TAMS 0x0000000709200000, 0x0000000709200000| Untracked 
|  40|0x0000000709400000, 0x0000000709400000, 0x0000000709600000|  0%| F|  |TAMS 0x0000000709400000, 0x0000000709400000| Untracked 
|  41|0x0000000709600000, 0x0000000709600000, 0x0000000709800000|  0%| F|  |TAMS 0x0000000709600000, 0x0000000709600000| Untracked 
|  42|0x0000000709800000, 0x0000000709800000, 0x0000000709a00000|  0%| F|  |TAMS 0x0000000709800000, 0x0000000709800000| Untracked 
|  43|0x0000000709a00000, 0x0000000709a00000, 0x0000000709c00000|  0%| F|  |TAMS 0x0000000709a00000, 0x0000000709a00000| Untracked 
|  44|0x0000000709c00000, 0x0000000709c00000, 0x0000000709e00000|  0%| F|  |TAMS 0x0000000709c00000, 0x0000000709c00000| Untracked 
|  45|0x0000000709e00000, 0x0000000709e00000, 0x000000070a000000|  0%| F|  |TAMS 0x0000000709e00000, 0x0000000709e00000| Untracked 
|  46|0x000000070a000000, 0x000000070a000000, 0x000000070a200000|  0%| F|  |TAMS 0x000000070a000000, 0x000000070a000000| Untracked 
|  47|0x000000070a200000, 0x000000070a200000, 0x000000070a400000|  0%| F|  |TAMS 0x000000070a200000, 0x000000070a200000| Untracked 
|  48|0x000000070a400000, 0x000000070a400000, 0x000000070a600000|  0%| F|  |TAMS 0x000000070a400000, 0x000000070a400000| Untracked 
|  49|0x000000070a600000, 0x000000070a600000, 0x000000070a800000|  0%| F|  |TAMS 0x000000070a600000, 0x000000070a600000| Untracked 
|  50|0x000000070a800000, 0x000000070a800000, 0x000000070aa00000|  0%| F|  |TAMS 0x000000070a800000, 0x000000070a800000| Untracked 
|  51|0x000000070aa00000, 0x000000070aa00000, 0x000000070ac00000|  0%| F|  |TAMS 0x000000070aa00000, 0x000000070aa00000| Untracked 
|  52|0x000000070ac00000, 0x000000070ac00000, 0x000000070ae00000|  0%| F|  |TAMS 0x000000070ac00000, 0x000000070ac00000| Untracked 
|  53|0x000000070ae00000, 0x000000070ae00000, 0x000000070b000000|  0%| F|  |TAMS 0x000000070ae00000, 0x000000070ae00000| Untracked 
|  54|0x000000070b000000, 0x000000070b000000, 0x000000070b200000|  0%| F|  |TAMS 0x000000070b000000, 0x000000070b000000| Untracked 
|  55|0x000000070b200000, 0x000000070b200000, 0x000000070b400000|  0%| F|  |TAMS 0x000000070b200000, 0x000000070b200000| Untracked 
|  56|0x000000070b400000, 0x000000070b400000, 0x000000070b600000|  0%| F|  |TAMS 0x000000070b400000, 0x000000070b400000| Untracked 
|  57|0x000000070b600000, 0x000000070b600000, 0x000000070b800000|  0%| F|  |TAMS 0x000000070b600000, 0x000000070b600000| Untracked 
|  58|0x000000070b800000, 0x000000070b800000, 0x000000070ba00000|  0%| F|  |TAMS 0x000000070b800000, 0x000000070b800000| Untracked 
|  59|0x000000070ba00000, 0x000000070ba00000, 0x000000070bc00000|  0%| F|  |TAMS 0x000000070ba00000, 0x000000070ba00000| Untracked 
|  60|0x000000070bc00000, 0x000000070bc00000, 0x000000070be00000|  0%| F|  |TAMS 0x000000070bc00000, 0x000000070bc00000| Untracked 
|  61|0x000000070be00000, 0x000000070be00000, 0x000000070c000000|  0%| F|  |TAMS 0x000000070be00000, 0x000000070be00000| Untracked 
|  62|0x000000070c000000, 0x000000070c000000, 0x000000070c200000|  0%| F|  |TAMS 0x000000070c000000, 0x000000070c000000| Untracked 
|  63|0x000000070c200000, 0x000000070c200000, 0x000000070c400000|  0%| F|  |TAMS 0x000000070c200000, 0x000000070c200000| Untracked 
|  64|0x000000070c400000, 0x000000070c400000, 0x000000070c600000|  0%| F|  |TAMS 0x000000070c400000, 0x000000070c400000| Untracked 
|  65|0x000000070c600000, 0x000000070c600000, 0x000000070c800000|  0%| F|  |TAMS 0x000000070c600000, 0x000000070c600000| Untracked 
|  66|0x000000070c800000, 0x000000070c800000, 0x000000070ca00000|  0%| F|  |TAMS 0x000000070c800000, 0x000000070c800000| Untracked 
|  67|0x000000070ca00000, 0x000000070ca00000, 0x000000070cc00000|  0%| F|  |TAMS 0x000000070ca00000, 0x000000070ca00000| Untracked 
|  68|0x000000070cc00000, 0x000000070cc00000, 0x000000070ce00000|  0%| F|  |TAMS 0x000000070cc00000, 0x000000070cc00000| Untracked 
|  69|0x000000070ce00000, 0x000000070ce00000, 0x000000070d000000|  0%| F|  |TAMS 0x000000070ce00000, 0x000000070ce00000| Untracked 
|  70|0x000000070d000000, 0x000000070d000000, 0x000000070d200000|  0%| F|  |TAMS 0x000000070d000000, 0x000000070d000000| Untracked 
|  71|0x000000070d200000, 0x000000070d200000, 0x000000070d400000|  0%| F|  |TAMS 0x000000070d200000, 0x000000070d200000| Untracked 
|  72|0x000000070d400000, 0x000000070d400000, 0x000000070d600000|  0%| F|  |TAMS 0x000000070d400000, 0x000000070d400000| Untracked 
|  73|0x000000070d600000, 0x000000070d600000, 0x000000070d800000|  0%| F|  |TAMS 0x000000070d600000, 0x000000070d600000| Untracked 
|  74|0x000000070d800000, 0x000000070d800000, 0x000000070da00000|  0%| F|  |TAMS 0x000000070d800000, 0x000000070d800000| Untracked 
|  75|0x000000070da00000, 0x000000070da00000, 0x000000070dc00000|  0%| F|  |TAMS 0x000000070da00000, 0x000000070da00000| Untracked 
|  76|0x000000070dc00000, 0x000000070dc00000, 0x000000070de00000|  0%| F|  |TAMS 0x000000070dc00000, 0x000000070dc00000| Untracked 
|  77|0x000000070de00000, 0x000000070de00000, 0x000000070e000000|  0%| F|  |TAMS 0x000000070de00000, 0x000000070de00000| Untracked 
|  78|0x000000070e000000, 0x000000070e000000, 0x000000070e200000|  0%| F|  |TAMS 0x000000070e000000, 0x000000070e000000| Untracked 
|  79|0x000000070e200000, 0x000000070e200000, 0x000000070e400000|  0%| F|  |TAMS 0x000000070e200000, 0x000000070e200000| Untracked 
|  80|0x000000070e400000, 0x000000070e400000, 0x000000070e600000|  0%| F|  |TAMS 0x000000070e400000, 0x000000070e400000| Untracked 
|  81|0x000000070e600000, 0x000000070e600000, 0x000000070e800000|  0%| F|  |TAMS 0x000000070e600000, 0x000000070e600000| Untracked 
|  82|0x000000070e800000, 0x000000070e800000, 0x000000070ea00000|  0%| F|  |TAMS 0x000000070e800000, 0x000000070e800000| Untracked 
|  83|0x000000070ea00000, 0x000000070ea00000, 0x000000070ec00000|  0%| F|  |TAMS 0x000000070ea00000, 0x000000070ea00000| Untracked 
|  84|0x000000070ec00000, 0x000000070ec00000, 0x000000070ee00000|  0%| F|  |TAMS 0x000000070ec00000, 0x000000070ec00000| Untracked 
|  85|0x000000070ee00000, 0x000000070ee00000, 0x000000070f000000|  0%| F|  |TAMS 0x000000070ee00000, 0x000000070ee00000| Untracked 
|  86|0x000000070f000000, 0x000000070f000000, 0x000000070f200000|  0%| F|  |TAMS 0x000000070f000000, 0x000000070f000000| Untracked 
|  87|0x000000070f200000, 0x000000070f200000, 0x000000070f400000|  0%| F|  |TAMS 0x000000070f200000, 0x000000070f200000| Untracked 
|  88|0x000000070f400000, 0x000000070f400000, 0x000000070f600000|  0%| F|  |TAMS 0x000000070f400000, 0x000000070f400000| Untracked 
|  89|0x000000070f600000, 0x000000070f600000, 0x000000070f800000|  0%| F|  |TAMS 0x000000070f600000, 0x000000070f600000| Untracked 
|  90|0x000000070f800000, 0x000000070f800000, 0x000000070fa00000|  0%| F|  |TAMS 0x000000070f800000, 0x000000070f800000| Untracked 
|  91|0x000000070fa00000, 0x000000070fa00000, 0x000000070fc00000|  0%| F|  |TAMS 0x000000070fa00000, 0x000000070fa00000| Untracked 
|  92|0x000000070fc00000, 0x000000070fc00000, 0x000000070fe00000|  0%| F|  |TAMS 0x000000070fc00000, 0x000000070fc00000| Untracked 
|  93|0x000000070fe00000, 0x000000070fe00000, 0x0000000710000000|  0%| F|  |TAMS 0x000000070fe00000, 0x000000070fe00000| Untracked 
|  94|0x0000000710000000, 0x0000000710000000, 0x0000000710200000|  0%| F|  |TAMS 0x0000000710000000, 0x0000000710000000| Untracked 
|  95|0x0000000710200000, 0x0000000710200000, 0x0000000710400000|  0%| F|  |TAMS 0x0000000710200000, 0x0000000710200000| Untracked 
|  96|0x0000000710400000, 0x0000000710400000, 0x0000000710600000|  0%| F|  |TAMS 0x0000000710400000, 0x0000000710400000| Untracked 
|  97|0x0000000710600000, 0x0000000710600000, 0x0000000710800000|  0%| F|  |TAMS 0x0000000710600000, 0x0000000710600000| Untracked 
|  98|0x0000000710800000, 0x0000000710800000, 0x0000000710a00000|  0%| F|  |TAMS 0x0000000710800000, 0x0000000710800000| Untracked 
|  99|0x0000000710a00000, 0x0000000710a00000, 0x0000000710c00000|  0%| F|  |TAMS 0x0000000710a00000, 0x0000000710a00000| Untracked 
| 100|0x0000000710c00000, 0x0000000710c00000, 0x0000000710e00000|  0%| F|  |TAMS 0x0000000710c00000, 0x0000000710c00000| Untracked 
| 101|0x0000000710e00000, 0x0000000710e00000, 0x0000000711000000|  0%| F|  |TAMS 0x0000000710e00000, 0x0000000710e00000| Untracked 
| 102|0x0000000711000000, 0x0000000711000000, 0x0000000711200000|  0%| F|  |TAMS 0x0000000711000000, 0x0000000711000000| Untracked 
| 103|0x0000000711200000, 0x0000000711200000, 0x0000000711400000|  0%| F|  |TAMS 0x0000000711200000, 0x0000000711200000| Untracked 
| 104|0x0000000711400000, 0x0000000711400000, 0x0000000711600000|  0%| F|  |TAMS 0x0000000711400000, 0x0000000711400000| Untracked 
| 105|0x0000000711600000, 0x0000000711600000, 0x0000000711800000|  0%| F|  |TAMS 0x0000000711600000, 0x0000000711600000| Untracked 
| 106|0x0000000711800000, 0x0000000711800000, 0x0000000711a00000|  0%| F|  |TAMS 0x0000000711800000, 0x0000000711800000| Untracked 
| 107|0x0000000711a00000, 0x0000000711a00000, 0x0000000711c00000|  0%| F|  |TAMS 0x0000000711a00000, 0x0000000711a00000| Untracked 
| 108|0x0000000711c00000, 0x0000000711c00000, 0x0000000711e00000|  0%| F|  |TAMS 0x0000000711c00000, 0x0000000711c00000| Untracked 
| 109|0x0000000711e00000, 0x0000000711e00000, 0x0000000712000000|  0%| F|  |TAMS 0x0000000711e00000, 0x0000000711e00000| Untracked 
| 110|0x0000000712000000, 0x0000000712000000, 0x0000000712200000|  0%| F|  |TAMS 0x0000000712000000, 0x0000000712000000| Untracked 
| 111|0x0000000712200000, 0x0000000712200000, 0x0000000712400000|  0%| F|  |TAMS 0x0000000712200000, 0x0000000712200000| Untracked 
| 112|0x0000000712400000, 0x0000000712400000, 0x0000000712600000|  0%| F|  |TAMS 0x0000000712400000, 0x0000000712400000| Untracked 
| 113|0x0000000712600000, 0x0000000712600000, 0x0000000712800000|  0%| F|  |TAMS 0x0000000712600000, 0x0000000712600000| Untracked 
| 114|0x0000000712800000, 0x0000000712800000, 0x0000000712a00000|  0%| F|  |TAMS 0x0000000712800000, 0x0000000712800000| Untracked 
| 115|0x0000000712a00000, 0x0000000712a00000, 0x0000000712c00000|  0%| F|  |TAMS 0x0000000712a00000, 0x0000000712a00000| Untracked 
| 116|0x0000000712c00000, 0x0000000712c00000, 0x0000000712e00000|  0%| F|  |TAMS 0x0000000712c00000, 0x0000000712c00000| Untracked 
| 117|0x0000000712e00000, 0x0000000712e00000, 0x0000000713000000|  0%| F|  |TAMS 0x0000000712e00000, 0x0000000712e00000| Untracked 
| 118|0x0000000713000000, 0x0000000713000000, 0x0000000713200000|  0%| F|  |TAMS 0x0000000713000000, 0x0000000713000000| Untracked 
| 119|0x0000000713200000, 0x0000000713200000, 0x0000000713400000|  0%| F|  |TAMS 0x0000000713200000, 0x0000000713200000| Untracked 
| 120|0x0000000713400000, 0x0000000713400000, 0x0000000713600000|  0%| F|  |TAMS 0x0000000713400000, 0x0000000713400000| Untracked 
| 121|0x0000000713600000, 0x0000000713600000, 0x0000000713800000|  0%| F|  |TAMS 0x0000000713600000, 0x0000000713600000| Untracked 
| 122|0x0000000713800000, 0x00000007139c52a0, 0x0000000713a00000| 88%| E|  |TAMS 0x0000000713800000, 0x0000000713800000| Complete 
| 123|0x0000000713a00000, 0x0000000713c00000, 0x0000000713c00000|100%| E|CS|TAMS 0x0000000713a00000, 0x0000000713a00000| Complete 
| 124|0x0000000713c00000, 0x0000000713e00000, 0x0000000713e00000|100%| E|CS|TAMS 0x0000000713c00000, 0x0000000713c00000| Complete 
| 125|0x0000000713e00000, 0x0000000714000000, 0x0000000714000000|100%| E|CS|TAMS 0x0000000713e00000, 0x0000000713e00000| Complete 

Card table byte_map: [0x0000011d9a3a0000,0x0000011d9ab80000] _byte_map_base: 0x0000011d96b7e000

Marking Bits (Prev, Next): (CMBitMap*) 0x0000011d8708cb50, (CMBitMap*) 0x0000011d8708cb90
 Prev Bits: [0x0000011d9b360000, 0x0000011d9f250000)
 Next Bits: [0x0000011d9f250000, 0x0000011da3140000)

Polling page: 0x0000011d866c0000

Metaspace:

Usage:
  Non-class:     12.04 MB used.
      Class:      1.33 MB used.
       Both:     13.37 MB used.

Virtual space:
  Non-class space:       64.00 MB reserved,      12.12 MB ( 19%) committed,  1 nodes.
      Class space:        1.00 GB reserved,       1.44 MB ( <1%) committed,  1 nodes.
             Both:        1.06 GB reserved,      13.56 MB (  1%) committed. 

Chunk freelists:
   Non-Class:  3.00 MB
       Class:  14.61 MB
        Both:  17.61 MB

MaxMetaspaceSize: unlimited
CompressedClassSpaceSize: 1.00 GB
Initial GC threshold: 21.00 MB
Current GC threshold: 21.00 MB
CDS: off
MetaspaceReclaimPolicy: balanced
 - commit_granule_bytes: 65536.
 - commit_granule_words: 8192.
 - virtual_space_node_default_size: 8388608.
 - enlarge_chunks_in_place: 1.
 - new_chunks_are_fully_committed: 0.
 - uncommit_free_chunks: 1.
 - use_allocation_guard: 0.
 - handle_deallocations: 1.


Internal statistics:

num_allocs_failed_limit: 0.
num_arena_births: 116.
num_arena_deaths: 0.
num_vsnodes_births: 2.
num_vsnodes_deaths: 0.
num_space_committed: 217.
num_space_uncommitted: 0.
num_chunks_returned_to_freelist: 0.
num_chunks_taken_from_freelist: 193.
num_chunk_merges: 0.
num_chunk_splits: 97.
num_chunks_enlarged: 30.
num_inconsistent_stats: 0.

CodeHeap 'non-profiled nmethods': size=120000Kb used=233Kb max_used=233Kb free=119766Kb
 bounds [0x0000011d92150000, 0x0000011d923c0000, 0x0000011d99680000]
CodeHeap 'profiled nmethods': size=120000Kb used=1267Kb max_used=1267Kb free=118733Kb
 bounds [0x0000011d8a680000, 0x0000011d8a8f0000, 0x0000011d91bb0000]
CodeHeap 'non-nmethods': size=5760Kb used=1262Kb max_used=1277Kb free=4497Kb
 bounds [0x0000011d91bb0000, 0x0000011d91e20000, 0x0000011d92150000]
 total_blobs=1415 nmethods=846 adapters=482
 compilation: enabled
              stopped_count=0, restarted_count=0
 full_count=0

Compilation events (20 events):
Event: 60180.128 Thread 0x0000011d84adaaf0 nmethod 839 0x0000011d8a7b7910 code [0x0000011d8a7b7ac0, 0x0000011d8a7b7d48]
Event: 60180.128 Thread 0x0000011d84adaaf0  840       3       java.awt.Color::testColorValueRange (121 bytes)
Event: 60180.129 Thread 0x0000011d84adaaf0 nmethod 840 0x0000011d8a7b7e10 code [0x0000011d8a7b8020, 0x0000011d8a7b8638]
Event: 60180.135 Thread 0x0000011d84adaaf0  841       3       java.lang.Integer::equals (29 bytes)
Event: 60180.135 Thread 0x0000011d84adaaf0 nmethod 841 0x0000011d8a7b8890 code [0x0000011d8a7b8a40, 0x0000011d8a7b8e38]
Event: 60180.138 Thread 0x0000011d84adaaf0  842       3       java.util.IdentityHashMap$IdentityHashMapIterator::nextIndex (72 bytes)
Event: 60180.139 Thread 0x0000011d84adaaf0 nmethod 842 0x0000011d8a7b8f10 code [0x0000011d8a7b90e0, 0x0000011d8a7b9468]
Event: 60182.358 Thread 0x0000011d84adaaf0  843  s    3       sun.awt.windows.WDesktopProperties::setColorProperty (91 bytes)
Event: 60182.359 Thread 0x0000011d84ada5e0  844       4       java.util.HashMap::get (19 bytes)
Event: 60182.362 Thread 0x0000011d84adaaf0 nmethod 843 0x0000011d8a7b9610 code [0x0000011d8a7b9820, 0x0000011d8a7b9ee8]
Event: 60182.362 Thread 0x0000011d84adaaf0  846       3       java.awt.Color::equals (27 bytes)
Event: 60182.362 Thread 0x0000011d84adaaf0 nmethod 846 0x0000011d8a7ba190 code [0x0000011d8a7ba340, 0x0000011d8a7ba818]
Event: 60182.380 Thread 0x0000011d84ada5e0 nmethod 844 0x0000011d92189610 code [0x0000011d921897c0, 0x0000011d92189df8]
Event: 60182.380 Thread 0x0000011d84ada5e0  845       4       java.lang.String::compareTo (9 bytes)
Event: 60182.385 Thread 0x0000011d84ada5e0 nmethod 845 0x0000011d9218a190 code [0x0000011d9218a320, 0x0000011d9218a578]
Event: 60209.018 Thread 0x0000011d84adaaf0  847       3       java.lang.StringConcatHelper::initialCoder (14 bytes)
Event: 60209.019 Thread 0x0000011d84adaaf0 nmethod 847 0x0000011d8a7ba910 code [0x0000011d8a7baaa0, 0x0000011d8a7babb8]
Event: 60209.020 Thread 0x0000011d84adaaf0  848       3       java.lang.StringConcatHelper::simpleConcat (94 bytes)
Event: 60209.026 Thread 0x0000011d84adaaf0 nmethod 848 0x0000011d8a7bac10 code [0x0000011d8a7baf60, 0x0000011d8a7bc4a8]
Event: 60215.582 Thread 0x0000011d84ada5e0  849       4       java.util.HashMap::resize (356 bytes)

GC Heap History (0 events):
No events

Dll operation events (8 events):
Event: 0.011 Loaded shared library C:\Users\priyanka.rd\.p2\pool\plugins\org.eclipse.justj.openjdk.hotspot.jre.full.win32.x86_64_17.0.7.v20230425-1502\jre\bin\java.dll
Event: 0.092 Loaded shared library C:\Users\priyanka.rd\.p2\pool\plugins\org.eclipse.justj.openjdk.hotspot.jre.full.win32.x86_64_17.0.7.v20230425-1502\jre\bin\net.dll
Event: 0.095 Loaded shared library C:\Users\priyanka.rd\.p2\pool\plugins\org.eclipse.justj.openjdk.hotspot.jre.full.win32.x86_64_17.0.7.v20230425-1502\jre\bin\nio.dll
Event: 0.134 Loaded shared library C:\Users\priyanka.rd\.p2\pool\plugins\org.eclipse.justj.openjdk.hotspot.jre.full.win32.x86_64_17.0.7.v20230425-1502\jre\bin\jimage.dll
Event: 0.144 Loaded shared library C:\Users\priyanka.rd\.p2\pool\plugins\org.eclipse.justj.openjdk.hotspot.jre.full.win32.x86_64_17.0.7.v20230425-1502\jre\bin\zip.dll
Event: 0.160 Loaded shared library C:\Users\priyanka.rd\.p2\pool\plugins\org.eclipse.justj.openjdk.hotspot.jre.full.win32.x86_64_17.0.7.v20230425-1502\jre\bin\awt.dll
Event: 0.285 Loaded shared library C:\Users\priyanka.rd\.p2\pool\plugins\org.eclipse.justj.openjdk.hotspot.jre.full.win32.x86_64_17.0.7.v20230425-1502\jre\bin\freetype.dll
Event: 0.287 Loaded shared library C:\Users\priyanka.rd\.p2\pool\plugins\org.eclipse.justj.openjdk.hotspot.jre.full.win32.x86_64_17.0.7.v20230425-1502\jre\bin\fontmanager.dll

Deoptimization events (20 events):
Event: 0.302 Thread 0x0000011d8705fea0 DEOPT PACKING pc=0x0000011d92174bb0 sp=0x00000001009fcb20
Event: 0.302 Thread 0x0000011d8705fea0 DEOPT UNPACKING pc=0x0000011d91c0a1a3 sp=0x00000001009fcaa0 mode 2
Event: 0.302 Thread 0x0000011d8705fea0 Uncommon trap: trap_request=0xffffffc6 fr.pc=0x0000011d92174bb0 relative=0x0000000000000ab0
Event: 0.302 Thread 0x0000011d8705fea0 Uncommon trap: reason=bimorphic_or_optimized_type_check action=maybe_recompile pc=0x0000011d92174bb0 method=java.util.HashMap.putVal(ILjava/lang/Object;Ljava/lang/Object;ZZ)Ljava/lang/Object; @ 152 c2
Event: 0.302 Thread 0x0000011d8705fea0 DEOPT PACKING pc=0x0000011d92174bb0 sp=0x00000001009fcb20
Event: 0.302 Thread 0x0000011d8705fea0 DEOPT UNPACKING pc=0x0000011d91c0a1a3 sp=0x00000001009fcaa0 mode 2
Event: 0.302 Thread 0x0000011d8705fea0 Uncommon trap: trap_request=0xffffffc6 fr.pc=0x0000011d92174bb0 relative=0x0000000000000ab0
Event: 0.302 Thread 0x0000011d8705fea0 Uncommon trap: reason=bimorphic_or_optimized_type_check action=maybe_recompile pc=0x0000011d92174bb0 method=java.util.HashMap.putVal(ILjava/lang/Object;Ljava/lang/Object;ZZ)Ljava/lang/Object; @ 152 c2
Event: 0.302 Thread 0x0000011d8705fea0 DEOPT PACKING pc=0x0000011d92174bb0 sp=0x00000001009fcb20
Event: 0.302 Thread 0x0000011d8705fea0 DEOPT UNPACKING pc=0x0000011d91c0a1a3 sp=0x00000001009fcaa0 mode 2
Event: 0.302 Thread 0x0000011d8705fea0 Uncommon trap: trap_request=0xffffffc6 fr.pc=0x0000011d92174bb0 relative=0x0000000000000ab0
Event: 0.302 Thread 0x0000011d8705fea0 Uncommon trap: reason=bimorphic_or_optimized_type_check action=maybe_recompile pc=0x0000011d92174bb0 method=java.util.HashMap.putVal(ILjava/lang/Object;Ljava/lang/Object;ZZ)Ljava/lang/Object; @ 152 c2
Event: 0.302 Thread 0x0000011d8705fea0 DEOPT PACKING pc=0x0000011d92174bb0 sp=0x00000001009fcb20
Event: 0.302 Thread 0x0000011d8705fea0 DEOPT UNPACKING pc=0x0000011d91c0a1a3 sp=0x00000001009fcaa0 mode 2
Event: 0.343 Thread 0x0000011daa2fdf60 DEOPT PACKING pc=0x0000011d8a68c5d1 sp=0x00000001020fdba0
Event: 0.343 Thread 0x0000011daa2fdf60 DEOPT UNPACKING pc=0x0000011d91c0ace3 sp=0x00000001020fd018 mode 0
Event: 0.408 Thread 0x0000011daa28fe50 Uncommon trap: trap_request=0xffffff45 fr.pc=0x0000011d92181aec relative=0x00000000000004ac
Event: 0.408 Thread 0x0000011daa28fe50 Uncommon trap: reason=unstable_if action=reinterpret pc=0x0000011d92181aec method=java.lang.StringLatin1.toLowerCase(Ljava/lang/String;[BLjava/util/Locale;)Ljava/lang/String; @ 43 c2
Event: 0.408 Thread 0x0000011daa28fe50 DEOPT PACKING pc=0x0000011d92181aec sp=0x0000000101ffd730
Event: 0.408 Thread 0x0000011daa28fe50 DEOPT UNPACKING pc=0x0000011d91c0a1a3 sp=0x0000000101ffd6a0 mode 2

Classes unloaded (0 events):
No events

Classes redefined (0 events):
No events

Internal exceptions (16 events):
Event: 0.103 Thread 0x0000011d8705fea0 Exception <a 'java/lang/NoSuchMethodError'{0x0000000713f1da50}: 'void java.lang.invoke.DirectMethodHandle$Holder.invokeVirtual(java.lang.Object, java.lang.Object)'> (0x0000000713f1da50) 
thrown [s\src\hotspot\share\interpreter\linkResolver.cpp, line 759]
Event: 0.136 Thread 0x0000011d8705fea0 Exception <a 'sun/nio/fs/WindowsException'{0x0000000713c5bb98}> (0x0000000713c5bb98) 
thrown [s\src\hotspot\share\prims\jni.cpp, line 516]
Event: 0.151 Thread 0x0000011d8705fea0 Exception <a 'java/lang/ClassNotFoundException'{0x0000000713c8e880}: sun/awt/resources/spi/awtProvider> (0x0000000713c8e880) 
thrown [s\src\hotspot\share\classfile\systemDictionary.cpp, line 256]
Event: 0.170 Thread 0x0000011d8705fea0 Exception <a 'java/io/FileNotFoundException'{0x0000000713ce1ce0}> (0x0000000713ce1ce0) 
thrown [s\src\hotspot\share\prims\jni.cpp, line 516]
Event: 0.176 Thread 0x0000011d8705fea0 Exception <a 'java/io/FileNotFoundException'{0x0000000713d0ee98}> (0x0000000713d0ee98) 
thrown [s\src\hotspot\share\prims\jni.cpp, line 516]
Event: 0.212 Thread 0x0000011d8705fea0 Exception <a 'java/lang/NoSuchMethodError'{0x0000000713d4b458}: 'java.lang.Object java.lang.invoke.DirectMethodHandle$Holder.invokeStaticInit(java.lang.Object)'> (0x0000000713d4b458) 
thrown [s\src\hotspot\share\interpreter\linkResolver.cpp, line 759]
Event: 0.236 Thread 0x0000011d8705fea0 Exception <a 'java/lang/NoSuchMethodError'{0x0000000713a05b98}: 'void java.lang.invoke.DirectMethodHandle$Holder.invokeSpecial(java.lang.Object, java.lang.Object, java.lang.Object)'> (0x0000000713a05b98) 
thrown [s\src\hotspot\share\interpreter\linkResolver.cpp, line 759]
Event: 0.242 Thread 0x0000011d8705fea0 Exception <a 'java/lang/NoSuchMethodError'{0x0000000713a2faa8}: 'java.lang.Object java.lang.invoke.DirectMethodHandle$Holder.newInvokeSpecial(java.lang.Object, java.lang.Object, java.lang.Object, java.lang.Object, java.lang.Object)'> (0x0000000713a2faa8) 
thrown [s\src\hotspot\share\interpreter\linkResolver.cpp, line 759]
Event: 0.243 Thread 0x0000011d8705fea0 Exception <a 'java/lang/NoSuchMethodError'{0x0000000713a3b470}: 'java.lang.Object java.lang.invoke.DirectMethodHandle$Holder.invokeStatic(java.lang.Object, int, java.lang.Object, java.lang.Object, java.lang.Object, java.lang.Object)'> (0x0000000713a3b470) 
thrown [s\src\hotspot\share\interpreter\linkResolver.cpp, line 759]
Event: 0.246 Thread 0x0000011d8705fea0 Exception <a 'java/lang/NoSuchMethodError'{0x0000000713a60c30}: 'java.lang.Object java.lang.invoke.DirectMethodHandle$Holder.invokeStatic(java.lang.Object, int, java.lang.Object)'> (0x0000000713a60c30) 
thrown [s\src\hotspot\share\interpreter\linkResolver.cpp, line 759]
Event: 0.259 Thread 0x0000011d8705fea0 Exception <a 'java/lang/ClassNotFoundException'{0x0000000713b18658}: com/sun/swing/internal/plaf/metal/resources/spi/metalProvider> (0x0000000713b18658) 
thrown [s\src\hotspot\share\classfile\systemDictionary.cpp, line 256]
Event: 0.260 Thread 0x0000011d8705fea0 Exception <a 'java/lang/ClassNotFoundException'{0x0000000713b1c208}: com/sun/swing/internal/plaf/basic/resources/spi/basicProvider> (0x0000000713b1c208) 
thrown [s\src\hotspot\share\classfile\systemDictionary.cpp, line 256]
Event: 0.280 Thread 0x0000011d8705fea0 Exception <a 'java/lang/NoSuchMethodError'{0x0000000713bc71b8}: 'void java.lang.invoke.DirectMethodHandle$Holder.invokeStaticInit(java.lang.Object)'> (0x0000000713bc71b8) 
thrown [s\src\hotspot\share\interpreter\linkResolver.cpp, line 759]
Event: 0.311 Thread 0x0000011d8705fea0 Exception <a 'sun/nio/fs/WindowsException'{0x00000007138245c8}> (0x00000007138245c8) 
thrown [s\src\hotspot\share\prims\jni.cpp, line 516]
Event: 0.342 Thread 0x0000011daa2fdf60 Exception <a 'java/io/FileNotFoundException'{0x0000000713873340}> (0x0000000713873340) 
thrown [s\src\hotspot\share\prims\jni.cpp, line 516]
Event: 0.344 Thread 0x0000011daa2fdf60 Exception <a 'java/lang/NoSuchMethodError'{0x000000071387bfe8}: 'java.lang.Object java.lang.invoke.DirectMethodHandle$Holder.newInvokeSpecial(java.lang.Object, java.lang.Object, java.lang.Object, int, int, int, int, int)'> (0x000000071387bfe8) 
thrown [s\src\hotspot\share\interpreter\linkResolver.cpp, line 759]

VM Operations (20 events):
Event: 0.116 Executing VM operation: HandshakeAllThreads
Event: 0.116 Executing VM operation: HandshakeAllThreads done
Event: 0.274 Executing VM operation: HandshakeAllThreads
Event: 0.274 Executing VM operation: HandshakeAllThreads done
Event: 0.302 Executing VM operation: HandshakeAllThreads
Event: 0.302 Executing VM operation: HandshakeAllThreads done
Event: 0.335 Executing VM operation: HandshakeAllThreads
Event: 0.335 Executing VM operation: HandshakeAllThreads done
Event: 1.336 Executing VM operation: Cleanup
Event: 1.336 Executing VM operation: Cleanup done
Event: 2.350 Executing VM operation: Cleanup
Event: 2.350 Executing VM operation: Cleanup done
Event: 264.909 Executing VM operation: Cleanup
Event: 264.909 Executing VM operation: Cleanup done
Event: 266.921 Executing VM operation: Cleanup
Event: 266.921 Executing VM operation: Cleanup done
Event: 14793.679 Executing VM operation: Cleanup
Event: 14793.680 Executing VM operation: Cleanup done
Event: 60209.256 Executing VM operation: Cleanup
Event: 60209.257 Executing VM operation: Cleanup done

Events (20 events):
Event: 1.124 loading class java/awt/Container$EventTargetFilter
Event: 1.124 loading class java/awt/Container$EventTargetFilter done
Event: 1.124 loading class java/awt/Container$MouseEventTargetFilter done
Event: 1.124 loading class java/awt/LightweightDispatcher$1
Event: 1.124 loading class java/awt/LightweightDispatcher$1 done
Event: 1.124 loading class java/awt/event/AWTEventListenerProxy
Event: 1.125 loading class java/awt/event/AWTEventListenerProxy done
Event: 1.125 loading class java/awt/Toolkit$SelectiveAWTEventListener
Event: 1.125 loading class java/awt/Toolkit$SelectiveAWTEventListener done
Event: 1.125 loading class java/awt/Toolkit$ToolkitEventMulticaster
Event: 1.125 loading class java/awt/Toolkit$ToolkitEventMulticaster done
Event: 1.125 loading class java/awt/event/MouseWheelEvent
Event: 1.125 loading class java/awt/event/MouseWheelEvent done
Event: 4.020 loading class java/awt/LightweightDispatcher$2
Event: 4.020 loading class java/awt/LightweightDispatcher$2 done
Event: 5.347 Thread 0x0000011daa2fdf60 Thread exited: 0x0000011daa2fdf60
Event: 5.818 loading class java/awt/KeyboardFocusManager$2
Event: 5.818 loading class java/awt/KeyboardFocusManager$2 done
Event: 5.819 loading class sun/awt/SunToolkit$1
Event: 5.819 loading class sun/awt/SunToolkit$1 done


Dynamic libraries:
0x00007ff79a930000 - 0x00007ff79a93e000 	C:\Users\priyanka.rd\.p2\pool\plugins\org.eclipse.justj.openjdk.hotspot.jre.full.win32.x86_64_17.0.7.v20230425-1502\jre\bin\javaw.exe
0x00007ffb3ac30000 - 0x00007ffb3ae44000 	C:\Windows\SYSTEM32\ntdll.dll
0x00007ffb39510000 - 0x00007ffb395d4000 	C:\Windows\System32\KERNEL32.DLL
0x00007ffb38360000 - 0x00007ffb38704000 	C:\Windows\System32\KERNELBASE.dll
0x00007ffb38710000 - 0x00007ffb38821000 	C:\Windows\System32\ucrtbase.dll
0x00007ffb1d640000 - 0x00007ffb1d657000 	C:\Users\priyanka.rd\.p2\pool\plugins\org.eclipse.justj.openjdk.hotspot.jre.full.win32.x86_64_17.0.7.v20230425-1502\jre\bin\jli.dll
0x00007ffb3aa40000 - 0x00007ffb3abea000 	C:\Windows\System32\USER32.dll
0x00007ffb381c0000 - 0x00007ffb381e6000 	C:\Windows\System32\win32u.dll
0x00007ffb394e0000 - 0x00007ffb39509000 	C:\Windows\System32\GDI32.dll
0x00007ffb38830000 - 0x00007ffb38949000 	C:\Windows\System32\gdi32full.dll
0x00007ffb38950000 - 0x00007ffb389ea000 	C:\Windows\System32\msvcp_win.dll
0x00007ffb164a0000 - 0x00007ffb164b9000 	C:\Users\priyanka.rd\.p2\pool\plugins\org.eclipse.justj.openjdk.hotspot.jre.full.win32.x86_64_17.0.7.v20230425-1502\jre\bin\VCRUNTIME140.dll
0x00007ffb36390000 - 0x00007ffb3661f000 	C:\Windows\WinSxS\amd64_microsoft.windows.common-controls_6595b64144ccf1df_6.0.22621.2070_none_2713e6537381f706\COMCTL32.dll
0x00007ffb393b0000 - 0x00007ffb39457000 	C:\Windows\System32\msvcrt.dll
0x00007ffb38b00000 - 0x00007ffb38b31000 	C:\Windows\System32\IMM32.DLL
0x00007ffad8dc0000 - 0x00007ffad9433000 	C:\Program Files\McAfee\DLP\Agent\fcagpph64.dll
0x00007ffb39a90000 - 0x00007ffb39b40000 	C:\Windows\System32\ADVAPI32.dll
0x00007ffb389f0000 - 0x00007ffb38a96000 	C:\Windows\System32\sechost.dll
0x00007ffb3a650000 - 0x00007ffb3a767000 	C:\Windows\System32\RPCRT4.dll
0x00007ffb39c90000 - 0x00007ffb3a4a6000 	C:\Windows\System32\SHELL32.dll
0x00007ffb3a770000 - 0x00007ffb3a90c000 	C:\Windows\System32\ole32.dll
0x00007ffb38ef0000 - 0x00007ffb3927a000 	C:\Windows\System32\combase.dll
0x00007ffb38b40000 - 0x00007ffb38b9e000 	C:\Windows\System32\SHLWAPI.dll
0x00007ffb3a4d0000 - 0x00007ffb3a541000 	C:\Windows\System32\WS2_32.dll
0x00007ffb392d0000 - 0x00007ffb393a7000 	C:\Windows\System32\OLEAUT32.dll
0x00007ffafb540000 - 0x00007ffafb5df000 	C:\Windows\SYSTEM32\WINSPOOL.DRV
0x00007ffb38c30000 - 0x00007ffb38d23000 	C:\Windows\System32\shcore.dll
0x00007ffb2fa70000 - 0x00007ffb2fa7a000 	C:\Windows\SYSTEM32\VERSION.dll
0x00007ffb372c0000 - 0x00007ffb37302000 	C:\Windows\SYSTEM32\SspiCli.dll
0x00007ffb37080000 - 0x00007ffb370b4000 	C:\Windows\SYSTEM32\ntmarta.dll
0x00007ffad3a30000 - 0x00007ffad3f10000 	C:\Program Files\McAfee\DLP\Agent\fcagafa64.dll
0x0000011d86600000 - 0x0000011d866a4000 	C:\Program Files\McAfee\Endpoint Security\Threat Prevention\Ips\EpMPApi.dll
0x00007ffb38090000 - 0x00007ffb380fb000 	C:\Windows\System32\WINTRUST.dll
0x00007ffb381f0000 - 0x00007ffb38357000 	C:\Windows\System32\CRYPT32.dll
0x00007ffb37cb0000 - 0x00007ffb37cc2000 	C:\Windows\SYSTEM32\MSASN1.dll
0x000000006d390000 - 0x000000006d39c000 	C:\Program Files\McAfee\Endpoint Security\Threat Prevention\Ips\EpMPThe.dll
0x00007ffb28860000 - 0x00007ffb2886c000 	C:\Users\priyanka.rd\.p2\pool\plugins\org.eclipse.justj.openjdk.hotspot.jre.full.win32.x86_64_17.0.7.v20230425-1502\jre\bin\vcruntime140_1.dll
0x00007ffafbee0000 - 0x00007ffafbf71000 	C:\Users\priyanka.rd\.p2\pool\plugins\org.eclipse.justj.openjdk.hotspot.jre.full.win32.x86_64_17.0.7.v20230425-1502\jre\bin\msvcp140.dll
0x00007ffac4ad0000 - 0x00007ffac5718000 	C:\Users\priyanka.rd\.p2\pool\plugins\org.eclipse.justj.openjdk.hotspot.jre.full.win32.x86_64_17.0.7.v20230425-1502\jre\bin\server\jvm.dll
0x00007ffb2e060000 - 0x00007ffb2e069000 	C:\Windows\SYSTEM32\WSOCK32.dll
0x00007ffb2ff30000 - 0x00007ffb2ff64000 	C:\Windows\SYSTEM32\WINMM.dll
0x00007ffb36f20000 - 0x00007ffb36f38000 	C:\Windows\SYSTEM32\kernel.appcore.dll
0x00007ffb2efc0000 - 0x00007ffb2efca000 	C:\Users\priyanka.rd\.p2\pool\plugins\org.eclipse.justj.openjdk.hotspot.jre.full.win32.x86_64_17.0.7.v20230425-1502\jre\bin\jimage.dll
0x00007ffb34ec0000 - 0x00007ffb350ee000 	C:\Windows\SYSTEM32\DBGHELP.DLL
0x00007ffb2ddd0000 - 0x00007ffb2de02000 	C:\Windows\SYSTEM32\dbgcore.DLL
0x00007ffb38010000 - 0x00007ffb3808a000 	C:\Windows\System32\bcryptPrimitives.dll
0x00007ffb08750000 - 0x00007ffb08775000 	C:\Users\priyanka.rd\.p2\pool\plugins\org.eclipse.justj.openjdk.hotspot.jre.full.win32.x86_64_17.0.7.v20230425-1502\jre\bin\java.dll
0x00007ffb2e750000 - 0x00007ffb2e768000 	C:\Users\priyanka.rd\.p2\pool\plugins\org.eclipse.justj.openjdk.hotspot.jre.full.win32.x86_64_17.0.7.v20230425-1502\jre\bin\zip.dll
0x00007ffb35530000 - 0x00007ffb35e1a000 	C:\Windows\SYSTEM32\windows.storage.dll
0x00007ffb353f0000 - 0x00007ffb3552e000 	C:\Windows\SYSTEM32\wintypes.dll
0x00007ffb37f40000 - 0x00007ffb37f66000 	C:\Windows\SYSTEM32\profapi.dll
0x00007ffb281b0000 - 0x00007ffb281c9000 	C:\Users\priyanka.rd\.p2\pool\plugins\org.eclipse.justj.openjdk.hotspot.jre.full.win32.x86_64_17.0.7.v20230425-1502\jre\bin\net.dll
0x00007ffb36f40000 - 0x00007ffb37077000 	C:\Windows\SYSTEM32\WINHTTP.dll
0x00007ffb374d0000 - 0x00007ffb37539000 	C:\Windows\system32\mswsock.dll
0x00007ffb27e20000 - 0x00007ffb27e35000 	C:\Users\priyanka.rd\.p2\pool\plugins\org.eclipse.justj.openjdk.hotspot.jre.full.win32.x86_64_17.0.7.v20230425-1502\jre\bin\nio.dll
0x00007ffac9090000 - 0x00007ffac921e000 	C:\Users\priyanka.rd\.p2\pool\plugins\org.eclipse.justj.openjdk.hotspot.jre.full.win32.x86_64_17.0.7.v20230425-1502\jre\bin\awt.dll
0x00007ffb33c70000 - 0x00007ffb33d07000 	C:\Windows\SYSTEM32\apphelp.dll
0x00007ffb34850000 - 0x00007ffb3487b000 	C:\Windows\system32\DWMAPI.DLL
0x00007ffb34620000 - 0x00007ffb346cb000 	C:\Windows\system32\uxtheme.dll
0x00007ffadca50000 - 0x00007ffadcb50000 	C:\Windows\system32\opengl32.dll
0x00007ffaeb060000 - 0x00007ffaeb08d000 	C:\Windows\SYSTEM32\GLU32.dll
0x00007ffb34880000 - 0x00007ffb348b8000 	C:\Windows\SYSTEM32\dxcore.dll
0x00007ffb39b60000 - 0x00007ffb39c87000 	C:\Windows\System32\MSCTF.dll
0x00007ffaf5a50000 - 0x00007ffaf5ad6000 	C:\Users\priyanka.rd\.p2\pool\plugins\org.eclipse.justj.openjdk.hotspot.jre.full.win32.x86_64_17.0.7.v20230425-1502\jre\bin\freetype.dll
0x00007ffae1fb0000 - 0x00007ffae2075000 	C:\Users\priyanka.rd\.p2\pool\plugins\org.eclipse.justj.openjdk.hotspot.jre.full.win32.x86_64_17.0.7.v20230425-1502\jre\bin\fontmanager.dll
0x00007ffb1e0e0000 - 0x00007ffb1e20d000 	C:\Windows\SYSTEM32\textinputframework.dll
0x00007ffb332c0000 - 0x00007ffb333f3000 	C:\Windows\SYSTEM32\CoreMessaging.dll
0x00007ffb2e130000 - 0x00007ffb2e49c000 	C:\Windows\SYSTEM32\CoreUIComponents.dll
0x00007ffb37750000 - 0x00007ffb3775c000 	C:\Windows\SYSTEM32\CRYPTBASE.DLL

dbghelp: loaded successfully - version: 4.0.5 - missing functions: none
symbol engine: initialized successfully - sym options: 0x614 - pdb path: .;C:\Users\priyanka.rd\.p2\pool\plugins\org.eclipse.justj.openjdk.hotspot.jre.full.win32.x86_64_17.0.7.v20230425-1502\jre\bin;C:\Windows\SYSTEM32;C:\Windows\WinSxS\amd64_microsoft.windows.common-controls_6595b64144ccf1df_6.0.22621.2070_none_2713e6537381f706;C:\Program Files\McAfee\DLP\Agent;C:\Program Files\McAfee\Endpoint Security\Threat Prevention\Ips;C:\Users\priyanka.rd\.p2\pool\plugins\org.eclipse.justj.openjdk.hotspot.jre.full.win32.x86_64_17.0.7.v20230425-1502\jre\bin\server

VM Arguments:
jvm_args: -Dfile.encoding=UTF-8 --module-path=C:\Users\priyanka.rd\eclipse-workspace\MP\bin -XX:+ShowCodeDetailsInExceptionMessages -Djdk.module.main=MP 
java_command: MP/gymmanagement.Main1
java_class_path (initial): C:\Users\priyanka.rd\Downloads\mysql-connector-j-8.1.0\mysql-connector-j-8.1.0\mysql-connector-j-8.1.0.jar
Launcher Type: SUN_STANDARD

[Global flags]
     intx CICompilerCount                          = 4                                         {product} {ergonomic}
     uint ConcGCThreads                            = 2                                         {product} {ergonomic}
     uint G1ConcRefinementThreads                  = 8                                         {product} {ergonomic}
   size_t G1HeapRegionSize                         = 2097152                                   {product} {ergonomic}
    uintx GCDrainStackTargetSize                   = 64                                        {product} {ergonomic}
   size_t InitialHeapSize                          = 264241152                                 {product} {ergonomic}
   size_t MarkStackSize                            = 4194304                                   {product} {ergonomic}
   size_t MaxHeapSize                              = 4223664128                                {product} {ergonomic}
   size_t MaxNewSize                               = 2533359616                                {product} {ergonomic}
   size_t MinHeapDeltaBytes                        = 2097152                                   {product} {ergonomic}
   size_t MinHeapSize                              = 8388608                                   {product} {ergonomic}
    uintx NonNMethodCodeHeapSize                   = 5839372                                {pd product} {ergonomic}
    uintx NonProfiledCodeHeapSize                  = 122909434                              {pd product} {ergonomic}
    uintx ProfiledCodeHeapSize                     = 122909434                              {pd product} {ergonomic}
    uintx ReservedCodeCacheSize                    = 251658240                              {pd product} {ergonomic}
     bool SegmentedCodeCache                       = true                                      {product} {ergonomic}
     bool ShowCodeDetailsInExceptionMessages       = true                                   {manageable} {command line}
   size_t SoftMaxHeapSize                          = 4223664128                             {manageable} {ergonomic}
     bool UseCompressedClassPointers               = true                           {product lp64_product} {ergonomic}
     bool UseCompressedOops                        = true                           {product lp64_product} {ergonomic}
     bool UseG1GC                                  = true                                      {product} {ergonomic}
     bool UseLargePagesIndividualAllocation        = false                                  {pd product} {ergonomic}

Logging:
Log output configuration:
 #0: stdout all=warning uptime,level,tags
 #1: stderr all=off uptime,level,tags

Environment Variables:
PATH=C:/Users/priyanka.rd/.p2/pool/plugins/org.eclipse.justj.openjdk.hotspot.jre.full.win32.x86_64_17.0.7.v20230425-1502/jre/bin/server;C:/Users/priyanka.rd/.p2/pool/plugins/org.eclipse.justj.openjdk.hotspot.jre.full.win32.x86_64_17.0.7.v20230425-1502/jre/bin;C:\Program Files (x86)\Common Files\Oracle\Java\javapath;C:\Windows\system32;C:\Windows;C:\Windows\System32\Wbem;C:\Windows\System32\WindowsPowerShell\v1.0\;C:\Windows\System32\OpenSSH\;C:\Program Files\dotnet\;C:\Program Files\Microsoft VS Code\bin;C:\Program Files\MySQL\MySQL Server 5.5\bin;C:\Users\priyanka.rd\AppData\Local\Microsoft\WindowsApps;C:\Users\priyanka.rd\AppData\Local\Programs\Git\cmd;C:\Users\priyanka.rd\eclipse\jee-2023-06\eclipse;
USERNAME=priyanka.rd
OS=Windows_NT
PROCESSOR_IDENTIFIER=Intel64 Family 6 Model 140 Stepping 1, GenuineIntel
TMP=C:\Users\priyanka.rd\AppData\Local\Temp
TEMP=C:\Users\priyanka.rd\AppData\Local\Temp



---------------  S Y S T E M  ---------------

OS:
 Windows 11 , 64 bit Build 22621 (10.0.22621.2070)
OS uptime: 5 days 15:21 hours
Hyper-V role detected

CPU: total 8 (initial active 8) (4 cores per cpu, 2 threads per core) family 6 model 140 stepping 1 microcode 0xa4, cx8, cmov, fxsr, ht, mmx, 3dnowpref, sse, sse2, sse3, ssse3, sse4.1, sse4.2, popcnt, lzcnt, tsc, tscinvbit, avx, avx2, aes, erms, clmul, bmi1, bmi2, adx, avx512f, avx512dq, avx512cd, avx512bw, avx512vl, sha, fma, vzeroupper, avx512_vpopcntdq, avx512_vpclmulqdq, avx512_vaes, avx512_vnni, clflush, clflushopt, clwb, avx512_vbmi2, avx512_vbmi, hv

Memory: 4k page, system-wide physical 16106M (3218M free)
TotalPageFile size 41798M (AvailPageFile size 0M)
current process WorkingSet (physical memory assigned to process): 42M, peak: 71M
current process commit charge ("private bytes"): 358M, peak: 359M

vm_info: OpenJDK 64-Bit Server VM (17.0.7+7) for windows-amd64 JRE (17.0.7+7), built on Apr 18 2023 22:10:42 by "temurin" with MS VC++ 16.7 (VS2019)

END.
